

Version:	3.50
CmdLine:	C:\Java\MDrive\MDrive.exe --l4j-debug
JNI:		No
WOW64:		Yes
Working dir:	C:\Java\MDrive\.
Requires JDK:	No
Requires 64-Bit: No
Java min ver:	
Java max ver:	
Substitute:	JAVA_HOME = C:\Program Files\Java\jdk-21
Substitute:	PATH = C:\Windows\system32;C:\Windows;C:\Windows\System32\Wbem;C:\Windows\System32\WindowsPowerShell\v1.0\;C:\Windows\System32\OpenSSH\;C:\Program Files\NVIDIA Corporation\NVIDIA NvDLISR;C:\Program Files (x86)\NVIDIA Corporation\PhysX\Common;C:\Program Files\nodejs\;C:\ProgramData\chocolatey\bin;C:\Users\Eduar\AppData\Local\Programs\Python\Python312\Scripts\;C:\Users\Eduar\AppData\Local\Programs\Python\Python312\;C:\Users\Eduar\AppData\Local\Microsoft\WindowsApps;C:\Users\Eduar\AppData\Local\Programs\Microsoft VS Code\bin;C:\adb;C:\Program Files\Microsoft SQL Server\150\Tools\Binn\;C:\Program Files\Microsoft SQL Server\Client SDK\ODBC\170\Tools\Binn\;C:\Program Files\dotnet\;C:\Program Files (x86)\Windows Kits\10\Windows Performance Toolkit\;C:\Program Files\Java\zulu21.28.85-ca-fx-jdk21.0.0-win_x64\bin;C:\Users\Eduar\AppData\Roaming\npm;C:\Users\Eduar\.dotnet\tools;C:\MinGW\bin;C:\Program Files (x86)\Nmap;C:\Program Files\Java\jdk-21\bin
JRE paths:	C:\Program Files\Java\jdk-21;C:\Windows\system32;C:\Windows;C:\Windows\System32\Wbem;C:\Windows\System32\WindowsPowerShell\v1.0\;C:\Windows\System32\OpenSSH\;C:\Program Files\NVIDIA Corporation\NVIDIA NvDLISR;C:\Program Files (x86)\NVIDIA Corporation\PhysX\Common;C:\Program Files\nodejs\;C:\ProgramData\chocolatey\bin;C:\Users\Eduar\AppData\Local\Programs\Python\Python312\Scripts\;C:\Users\Eduar\AppData\Local\Programs\Python\Python312\;C:\Users\Eduar\AppData\Local\Microsoft\WindowsApps;C:\Users\Eduar\AppData\Local\Programs\Microsoft VS Code\bin;C:\adb;C:\Program Files\Microsoft SQL Server\150\Tools\Binn\;C:\Program Files\Microsoft SQL Server\Client SDK\ODBC\170\Tools\Binn\;C:\Program Files\dotnet\;C:\Program Files (x86)\Windows Kits\10\Windows Performance Toolkit\;C:\Program Files\Java\zulu21.28.85-ca-fx-jdk21.0.0-win_x64\bin;C:\Users\Eduar\AppData\Roaming\npm;C:\Users\Eduar\.dotnet\tools;C:\MinGW\bin;C:\Program Files (x86)\Nmap;C:\Program Files\Java\jdk-21\bin
Check launcher:	C:\Program Files\Java\jdk-21\bin\javaw.exe (OK)
Version string: 1.021.000 / 64-Bit (OK)
Launcher:	C:\Program Files\Java\jdk-21\bin\javaw.exe
Launcher args:	-jar "C:\Java\MDrive\MDrive.exe"
Args length:	32/32768 chars
Exit code:	0


Version:	3.50
CmdLine:	C:\Java\MDrive\MDrive.exe --l4j-debug
JNI:		No
WOW64:		Yes
Working dir:	C:\Java\MDrive\.
Requires JDK:	No
Requires 64-Bit: No
Java min ver:	
Java max ver:	
Substitute:	JAVA_HOME = C:\Program Files\Java\jdk-21
Substitute:	PATH = C:\Windows\system32;C:\Windows;C:\Windows\System32\Wbem;C:\Windows\System32\WindowsPowerShell\v1.0\;C:\Windows\System32\OpenSSH\;C:\Program Files\NVIDIA Corporation\NVIDIA NvDLISR;C:\Program Files (x86)\NVIDIA Corporation\PhysX\Common;C:\Program Files\nodejs\;C:\ProgramData\chocolatey\bin;C:\Users\Eduar\AppData\Local\Programs\Python\Python312\Scripts\;C:\Users\Eduar\AppData\Local\Programs\Python\Python312\;C:\Users\Eduar\AppData\Local\Microsoft\WindowsApps;C:\Users\Eduar\AppData\Local\Programs\Microsoft VS Code\bin;C:\adb;C:\Program Files\Microsoft SQL Server\150\Tools\Binn\;C:\Program Files\Microsoft SQL Server\Client SDK\ODBC\170\Tools\Binn\;C:\Program Files\dotnet\;C:\Program Files (x86)\Windows Kits\10\Windows Performance Toolkit\;C:\Program Files\Java\zulu21.28.85-ca-fx-jdk21.0.0-win_x64\bin;C:\Users\Eduar\AppData\Roaming\npm;C:\Users\Eduar\.dotnet\tools;C:\MinGW\bin;C:\Program Files (x86)\Nmap;C:\Program Files\Java\jdk-21\bin
JRE paths:	C:\Program Files\Java\jdk-21;C:\Windows\system32;C:\Windows;C:\Windows\System32\Wbem;C:\Windows\System32\WindowsPowerShell\v1.0\;C:\Windows\System32\OpenSSH\;C:\Program Files\NVIDIA Corporation\NVIDIA NvDLISR;C:\Program Files (x86)\NVIDIA Corporation\PhysX\Common;C:\Program Files\nodejs\;C:\ProgramData\chocolatey\bin;C:\Users\Eduar\AppData\Local\Programs\Python\Python312\Scripts\;C:\Users\Eduar\AppData\Local\Programs\Python\Python312\;C:\Users\Eduar\AppData\Local\Microsoft\WindowsApps;C:\Users\Eduar\AppData\Local\Programs\Microsoft VS Code\bin;C:\adb;C:\Program Files\Microsoft SQL Server\150\Tools\Binn\;C:\Program Files\Microsoft SQL Server\Client SDK\ODBC\170\Tools\Binn\;C:\Program Files\dotnet\;C:\Program Files (x86)\Windows Kits\10\Windows Performance Toolkit\;C:\Program Files\Java\zulu21.28.85-ca-fx-jdk21.0.0-win_x64\bin;C:\Users\Eduar\AppData\Roaming\npm;C:\Users\Eduar\.dotnet\tools;C:\MinGW\bin;C:\Program Files (x86)\Nmap;C:\Program Files\Java\jdk-21\bin
Check launcher:	C:\Program Files\Java\jdk-21\bin\javaw.exe (OK)
Version string: 1.021.000 / 64-Bit (OK)
Launcher:	C:\Program Files\Java\jdk-21\bin\javaw.exe
Launcher args:	-jar "C:\Java\MDrive\MDrive.exe"
Args length:	32/32768 chars
Exit code:	0


Version:	3.50
CmdLine:	C:\Java\MDrive\MDrive.exe --l4j-debug
JNI:		No
WOW64:		Yes
Working dir:	C:\Java\MDrive\.
Requires JDK:	No
Requires 64-Bit: No
Java min ver:	
Java max ver:	
Substitute:	JAVA_HOME = C:\Program Files\Java\zulu21.28.85-ca-fx-jdk21.0.0-win_x64\bin
Substitute:	PATH = C:\Windows\system32;C:\Windows;C:\Windows\System32\Wbem;C:\Windows\System32\WindowsPowerShell\v1.0\;C:\Windows\System32\OpenSSH\;C:\Program Files\NVIDIA Corporation\NVIDIA NvDLISR;C:\Program Files (x86)\NVIDIA Corporation\PhysX\Common;C:\Program Files\nodejs\;C:\ProgramData\chocolatey\bin;C:\Users\Eduar\AppData\Local\Programs\Python\Python312\Scripts\;C:\Users\Eduar\AppData\Local\Programs\Python\Python312\;C:\Users\Eduar\AppData\Local\Microsoft\WindowsApps;C:\Users\Eduar\AppData\Local\Programs\Microsoft VS Code\bin;C:\adb;C:\Program Files\Microsoft SQL Server\150\Tools\Binn\;C:\Program Files\Microsoft SQL Server\Client SDK\ODBC\170\Tools\Binn\;C:\Program Files\dotnet\;C:\Program Files (x86)\Windows Kits\10\Windows Performance Toolkit\;C:\Program Files\Java\zulu21.28.85-ca-fx-jdk21.0.0-win_x64\bin;C:\Windows\system32;C:\Windows;C:\Windows\System32\Wbem;C:\Windows\System32\WindowsPowerShell\v1.0\;C:\Windows\System32\OpenSSH\;C:\Program Files\NVIDIA Corporation\NVIDIA NvDLISR;C:\Program Files (x86)\NVIDIA Corporation\PhysX\Common;C:\Program Files\nodejs\;C:\ProgramData\chocolatey\bin;C:\Users\Eduar\AppData\Local\Programs\Python\Python312\Scripts\;C:\Users\Eduar\AppData\Local\Programs\Python\Python312\;C:\Users\Eduar\AppData\Local\Microsoft\WindowsApps;C:\Users\Eduar\AppData\Local\Programs\Microsoft VS Code\bin;C:\adb;C:\Program Files\Microsoft SQL Server\150\Tools\Binn\;C:\Program Files\Microsoft SQL Server\Client SDK\ODBC\170\Tools\Binn\;C:\Program Files\dotnet\;C:\Program Files (x86)\Windows Kits\10\Windows Performance Toolkit\;C:\Users\Eduar\AppData\Roaming\npm;C:\Users\Eduar\.dotnet\tools;C:\MinGW\bin;C:\Program Files (x86)\Nmap;;C:\Program Files\Java\zulu21.28.85-ca-fx-jdk21.0.0-win_x64\bin
JRE paths:	C:\Program Files\Java\zulu21.28.85-ca-fx-jdk21.0.0-win_x64\bin;C:\Windows\system32;C:\Windows;C:\Windows\System32\Wbem;C:\Windows\System32\WindowsPowerShell\v1.0\;C:\Windows\System32\OpenSSH\;C:\Program Files\NVIDIA Corporation\NVIDIA NvDLISR;C:\Program Files (x86)\NVIDIA Corporation\PhysX\Common;C:\Program Files\nodejs\;C:\ProgramData\chocolatey\bin;C:\Users\Eduar\AppData\Local\Programs\Python\Python312\Scripts\;C:\Users\Eduar\AppData\Local\Programs\Python\Python312\;C:\Users\Eduar\AppData\Local\Microsoft\WindowsApps;C:\Users\Eduar\AppData\Local\Programs\Microsoft VS Code\bin;C:\adb;C:\Program Files\Microsoft SQL Server\150\Tools\Binn\;C:\Program Files\Microsoft SQL Server\Client SDK\ODBC\170\Tools\Binn\;C:\Program Files\dotnet\;C:\Program Files (x86)\Windows Kits\10\Windows Performance Toolkit\;C:\Program Files\Java\zulu21.28.85-ca-fx-jdk21.0.0-win_x64\bin;C:\Windows\system32;C:\Windows;C:\Windows\System32\Wbem;C:\Windows\System32\WindowsPowerShell\v1.0\;C:\Windows\System32\OpenSSH\;C:\Program Files\NVIDIA Corporation\NVIDIA NvDLISR;C:\Program Files (x86)\NVIDIA Corporation\PhysX\Common;C:\Program Files\nodejs\;C:\ProgramData\chocolatey\bin;C:\Users\Eduar\AppData\Local\Programs\Python\Python312\Scripts\;C:\Users\Eduar\AppData\Local\Programs\Python\Python312\;C:\Users\Eduar\AppData\Local\Microsoft\WindowsApps;C:\Users\Eduar\AppData\Local\Programs\Microsoft VS Code\bin;C:\adb;C:\Program Files\Microsoft SQL Server\150\Tools\Binn\;C:\Program Files\Microsoft SQL Server\Client SDK\ODBC\170\Tools\Binn\;C:\Program Files\dotnet\;C:\Program Files (x86)\Windows Kits\10\Windows Performance Toolkit\;C:\Users\Eduar\AppData\Roaming\npm;C:\Users\Eduar\.dotnet\tools;C:\MinGW\bin;C:\Program Files (x86)\Nmap;;C:\Program Files\Java\zulu21.28.85-ca-fx-jdk21.0.0-win_x64\bin
Check launcher:	C:\Program Files\Java\zulu21.28.85-ca-fx-jdk21.0.0-win_x64\bin\javaw.exe (OK)
Version string: 1.021.000 / 64-Bit (OK)
Launcher:	C:\Program Files\Java\zulu21.28.85-ca-fx-jdk21.0.0-win_x64\bin\javaw.exe
Launcher args:	-jar "C:\Java\MDrive\MDrive.exe"
Args length:	32/32768 chars
Exit code:	0


Version:	3.50
CmdLine:	C:\Java\MDrive\MDrive.exe --l4j-debug
JNI:		No
WOW64:		Yes
Working dir:	C:\Java\MDrive\.
Requires JDK:	No
Requires 64-Bit: No
Java min ver:	
Java max ver:	
Substitute:	JAVA_HOME = C:\Program Files\Java\zulu21.28.85-ca-fx-jdk21.0.0-win_x64\bin
Substitute:	PATH = C:\Windows\system32;C:\Windows;C:\Windows\System32\Wbem;C:\Windows\System32\WindowsPowerShell\v1.0\;C:\Windows\System32\OpenSSH\;C:\Program Files\NVIDIA Corporation\NVIDIA NvDLISR;C:\Program Files (x86)\NVIDIA Corporation\PhysX\Common;C:\Program Files\nodejs\;C:\ProgramData\chocolatey\bin;C:\Users\Eduar\AppData\Local\Programs\Python\Python312\Scripts\;C:\Users\Eduar\AppData\Local\Programs\Python\Python312\;C:\Users\Eduar\AppData\Local\Microsoft\WindowsApps;C:\Users\Eduar\AppData\Local\Programs\Microsoft VS Code\bin;C:\adb;C:\Program Files\Microsoft SQL Server\150\Tools\Binn\;C:\Program Files\Microsoft SQL Server\Client SDK\ODBC\170\Tools\Binn\;C:\Program Files\dotnet\;C:\Program Files (x86)\Windows Kits\10\Windows Performance Toolkit\;C:\Program Files\Java\zulu21.28.85-ca-fx-jdk21.0.0-win_x64\bin;C:\Windows\system32;C:\Windows;C:\Windows\System32\Wbem;C:\Windows\System32\WindowsPowerShell\v1.0\;C:\Windows\System32\OpenSSH\;C:\Program Files\NVIDIA Corporation\NVIDIA NvDLISR;C:\Program Files (x86)\NVIDIA Corporation\PhysX\Common;C:\Program Files\nodejs\;C:\ProgramData\chocolatey\bin;C:\Users\Eduar\AppData\Local\Programs\Python\Python312\Scripts\;C:\Users\Eduar\AppData\Local\Programs\Python\Python312\;C:\Users\Eduar\AppData\Local\Microsoft\WindowsApps;C:\Users\Eduar\AppData\Local\Programs\Microsoft VS Code\bin;C:\adb;C:\Program Files\Microsoft SQL Server\150\Tools\Binn\;C:\Program Files\Microsoft SQL Server\Client SDK\ODBC\170\Tools\Binn\;C:\Program Files\dotnet\;C:\Program Files (x86)\Windows Kits\10\Windows Performance Toolkit\;C:\Users\Eduar\AppData\Roaming\npm;C:\Users\Eduar\.dotnet\tools;C:\MinGW\bin;C:\Program Files (x86)\Nmap;;C:\Program Files\Java\zulu21.28.85-ca-fx-jdk21.0.0-win_x64\bin
JRE paths:	C:\Program Files\Java\zulu21.28.85-ca-fx-jdk21.0.0-win_x64\bin;C:\Windows\system32;C:\Windows;C:\Windows\System32\Wbem;C:\Windows\System32\WindowsPowerShell\v1.0\;C:\Windows\System32\OpenSSH\;C:\Program Files\NVIDIA Corporation\NVIDIA NvDLISR;C:\Program Files (x86)\NVIDIA Corporation\PhysX\Common;C:\Program Files\nodejs\;C:\ProgramData\chocolatey\bin;C:\Users\Eduar\AppData\Local\Programs\Python\Python312\Scripts\;C:\Users\Eduar\AppData\Local\Programs\Python\Python312\;C:\Users\Eduar\AppData\Local\Microsoft\WindowsApps;C:\Users\Eduar\AppData\Local\Programs\Microsoft VS Code\bin;C:\adb;C:\Program Files\Microsoft SQL Server\150\Tools\Binn\;C:\Program Files\Microsoft SQL Server\Client SDK\ODBC\170\Tools\Binn\;C:\Program Files\dotnet\;C:\Program Files (x86)\Windows Kits\10\Windows Performance Toolkit\;C:\Program Files\Java\zulu21.28.85-ca-fx-jdk21.0.0-win_x64\bin;C:\Windows\system32;C:\Windows;C:\Windows\System32\Wbem;C:\Windows\System32\WindowsPowerShell\v1.0\;C:\Windows\System32\OpenSSH\;C:\Program Files\NVIDIA Corporation\NVIDIA NvDLISR;C:\Program Files (x86)\NVIDIA Corporation\PhysX\Common;C:\Program Files\nodejs\;C:\ProgramData\chocolatey\bin;C:\Users\Eduar\AppData\Local\Programs\Python\Python312\Scripts\;C:\Users\Eduar\AppData\Local\Programs\Python\Python312\;C:\Users\Eduar\AppData\Local\Microsoft\WindowsApps;C:\Users\Eduar\AppData\Local\Programs\Microsoft VS Code\bin;C:\adb;C:\Program Files\Microsoft SQL Server\150\Tools\Binn\;C:\Program Files\Microsoft SQL Server\Client SDK\ODBC\170\Tools\Binn\;C:\Program Files\dotnet\;C:\Program Files (x86)\Windows Kits\10\Windows Performance Toolkit\;C:\Users\Eduar\AppData\Roaming\npm;C:\Users\Eduar\.dotnet\tools;C:\MinGW\bin;C:\Program Files (x86)\Nmap;;C:\Program Files\Java\zulu21.28.85-ca-fx-jdk21.0.0-win_x64\bin
Check launcher:	C:\Program Files\Java\zulu21.28.85-ca-fx-jdk21.0.0-win_x64\bin\javaw.exe (OK)
Version string: 1.021.000 / 64-Bit (OK)
Launcher:	C:\Program Files\Java\zulu21.28.85-ca-fx-jdk21.0.0-win_x64\bin\javaw.exe
Launcher args:	-jar "C:\Java\MDrive\MDrive.exe"
Args length:	32/32768 chars
Exit code:	0
